
> setup-next-styled-components@0.1.0 build-storybook
> storybook build --output-dir /tmp/chromatic--69025-cb9loNnB0xHn

@storybook/cli v8.1.6

info => Cleaning outputDir: ../../../../tmp/chromatic--69025-cb9loNnB0xHn
info => Loading presets
info => Building manager..
info => Manager built (331 ms)
info => Building preview..
info Addon-docs: using MDX3
info => Using implicit CSS loaders
WARN No story files found for the specified pattern: src/**/*.mdx
info => Copying static files: public at ../../../../tmp/chromatic--69025-cb9loNnB0xHn
info => Using SWC as compiler
info => Loading custom Webpack config (full-control mode).
info Using tsconfig paths for react-docgen
WARN asset size limit: The following asset(s) exceed the recommended size limit (244 KiB).
WARN This can impact web performance.
WARN Assets: 
WARN   240.a188921b.iframe.bundle.js (2.14 MiB)
WARN   746.5d75010b.iframe.bundle.js (676 KiB)
WARN entrypoint size limit: The following entrypoint(s) combined asset size exceeds the recommended limit (244 KiB). This can impact web performance.
WARN Entrypoints:
WARN   main (2.16 MiB)
WARN       runtime~main.268281ac.iframe.bundle.js
WARN       240.a188921b.iframe.bundle.js
WARN       main.632e46fb.iframe.bundle.js
WARN 
info => Preview built (24 s)
info => Output directory: /tmp/chromatic--69025-cb9loNnB0xHn
